<?xml version="1.0" encoding="UTF-8"?>
<robot generator="Robot 7.4.2 (Python 3.14.4 on win32)" generated="2026-05-12T12:01:48.806142" rpa="false" schemaversion="5">
<suite id="s1" name="Testing" source="D:\Web\portfolio-main\Testing">
<suite id="s1-s1" name="Login Tests" source="D:\Web\portfolio-main\Testing\login_tests">
<suite id="s1-s1-s1" name="Login" source="D:\Web\portfolio-main\Testing\login_tests\login.robot">
<test id="s1-s1-s1-t1" name="TC-001 Login Admin Successfully" line="29">
<kw name="Open Browser And Go To Login Page" type="SETUP">
<kw name="Open Browser" owner="SeleniumLibrary">
<msg time="2026-05-12T12:01:49.037192" level="INFO">Opening browser 'Chrome' to base url 'http://localhost/Fitness-swimming-master-main/index.php'.</msg>
<arg>${URL}</arg>
<arg>${BROWSER}</arg>
<doc>Opens a new browser instance to the optional ``url``.</doc>
<status status="PASS" start="2026-05-12T12:01:49.036751" elapsed="1.315147"/>
</kw>
<kw name="Maximize Browser Window" owner="SeleniumLibrary">
<doc>Maximizes current browser window.</doc>
<status status="PASS" start="2026-05-12T12:01:50.353181" elapsed="0.024441"/>
</kw>
<kw name="Delete All Cookies" owner="SeleniumLibrary">
<doc>Deletes all cookies.</doc>
<status status="PASS" start="2026-05-12T12:01:50.377850" elapsed="0.007588"/>
</kw>
<kw name="Go To" owner="SeleniumLibrary">
<msg time="2026-05-12T12:01:50.385989" level="INFO">Opening url 'http://localhost/Fitness-swimming-master-main/index.php'</msg>
<arg>${URL}</arg>
<doc>Navigates the current browser window to the provided ``url``.</doc>
<status status="PASS" start="2026-05-12T12:01:50.385700" elapsed="0.096912"/>
</kw>
<kw name="Wait Until Element Is Visible" owner="SeleniumLibrary">
<arg>name:txt_email</arg>
<arg>timeout=15s</arg>
<doc>Waits until the element ``locator`` is visible.</doc>
<status status="PASS" start="2026-05-12T12:01:50.482932" elapsed="0.020929"/>
</kw>
<status status="PASS" start="2026-05-12T12:01:49.030132" elapsed="1.473894"/>
</kw>
<kw name="Fill Login Form">
<kw name="Input Text" owner="SeleniumLibrary">
<msg time="2026-05-12T12:01:50.505282" level="INFO">Typing text 'admin@gmail.com' into text field 'name:txt_email'.</msg>
<arg>name:txt_email</arg>
<arg>${email}</arg>
<doc>Types the given ``text`` into the text field identified by ``locator``.</doc>
<status status="PASS" start="2026-05-12T12:01:50.504937" elapsed="0.170878"/>
</kw>
<kw name="Input Password" owner="SeleniumLibrary">
<msg time="2026-05-12T12:01:50.676495" level="INFO">Typing password into text field 'name:txt_password'.</msg>
<msg time="2026-05-12T12:01:50.710001" level="INFO">Temporally setting log level to: NONE</msg>
<arg>name:txt_password</arg>
<arg>${password}</arg>
<doc>Types the given password into the text field identified by ``locator``.</doc>
<status status="PASS" start="2026-05-12T12:01:50.676105" elapsed="0.074582"/>
</kw>
<kw name="Select From List By Value" owner="SeleniumLibrary">
<msg time="2026-05-12T12:01:50.751189" level="INFO">Selecting options from selection list 'name:txt_role' by value admin.</msg>
<arg>name:txt_role</arg>
<arg>${role}</arg>
<doc>Selects options from selection list ``locator`` by ``values``.</doc>
<status status="PASS" start="2026-05-12T12:01:50.750904" elapsed="0.073813"/>
</kw>
<arg>${ADMIN_EMAIL}</arg>
<arg>${ADMIN_PASSWORD}</arg>
<arg>admin</arg>
<status status="PASS" start="2026-05-12T12:01:50.504456" elapsed="0.320453"/>
</kw>
<kw name="Submit Login Form">
<kw name="Click Button" owner="SeleniumLibrary">
<msg time="2026-05-12T12:01:50.826034" level="INFO">Clicking button 'name:btn_login'.</msg>
<arg>name:btn_login</arg>
<doc>Clicks the button identified by ``locator``.</doc>
<status status="PASS" start="2026-05-12T12:01:50.825755" elapsed="0.270828"/>
</kw>
<kw name="Sleep" owner="BuiltIn">
<msg time="2026-05-12T12:01:53.097868" level="INFO">Slept 2 seconds.</msg>
<arg>2s</arg>
<doc>Pauses the test executed for the given time.</doc>
<status status="PASS" start="2026-05-12T12:01:51.096921" elapsed="2.001116"/>
</kw>
<status status="PASS" start="2026-05-12T12:01:50.825371" elapsed="2.272809"/>
</kw>
<kw name="Location Should Contain" owner="SeleniumLibrary">
<msg time="2026-05-12T12:01:53.102647" level="INFO">Current location contains 'admin/admin_home.php'.</msg>
<arg>admin/admin_home.php</arg>
<doc>Verifies that the current URL contains ``expected``.</doc>
<status status="PASS" start="2026-05-12T12:01:53.098550" elapsed="0.004197"/>
</kw>
<kw name="Close Browser" owner="SeleniumLibrary" type="TEARDOWN">
<doc>Closes the current browser.</doc>
<status status="PASS" start="2026-05-12T12:01:53.103290" elapsed="2.098404"/>
</kw>
<doc>เข้าสู่ระบบด้วยสิทธิ์ผู้ดูแลระบบ</doc>
<tag>positive</tag>
<tag>TC-001</tag>
<status status="PASS" start="2026-05-12T12:01:49.028395" elapsed="6.173556"/>
</test>
<test id="s1-s1-s1-t2" name="TC-002 Login Student Successfully" line="42">
<kw name="Open Browser And Go To Login Page" type="SETUP">
<kw name="Open Browser" owner="SeleniumLibrary">
<msg time="2026-05-12T12:01:55.203841" level="INFO">Opening browser 'Chrome' to base url 'http://localhost/Fitness-swimming-master-main/index.php'.</msg>
<arg>${URL}</arg>
<arg>${BROWSER}</arg>
<doc>Opens a new browser instance to the optional ``url``.</doc>
<status status="PASS" start="2026-05-12T12:01:55.203574" elapsed="1.230705"/>
</kw>
<kw name="Maximize Browser Window" owner="SeleniumLibrary">
<doc>Maximizes current browser window.</doc>
<status status="PASS" start="2026-05-12T12:01:56.434617" elapsed="0.034183"/>
</kw>
<kw name="Delete All Cookies" owner="SeleniumLibrary">
<doc>Deletes all cookies.</doc>
<status status="PASS" start="2026-05-12T12:01:56.469231" elapsed="0.008739"/>
</kw>
<kw name="Go To" owner="SeleniumLibrary">
<msg time="2026-05-12T12:01:56.478442" level="INFO">Opening url 'http://localhost/Fitness-swimming-master-main/index.php'</msg>
<arg>${URL}</arg>
<doc>Navigates the current browser window to the provided ``url``.</doc>
<status status="PASS" start="2026-05-12T12:01:56.478207" elapsed="0.084004"/>
</kw>
<kw name="Wait Until Element Is Visible" owner="SeleniumLibrary">
<arg>name:txt_email</arg>
<arg>timeout=15s</arg>
<doc>Waits until the element ``locator`` is visible.</doc>
<status status="PASS" start="2026-05-12T12:01:56.562649" elapsed="0.021328"/>
</kw>
<status status="PASS" start="2026-05-12T12:01:55.203228" elapsed="1.380905"/>
</kw>
<kw name="Fill Login Form">
<kw name="Input Text" owner="SeleniumLibrary">
<msg time="2026-05-12T12:01:56.585599" level="INFO">Typing text 'googhj2468@hotmail.com' into text field 'name:txt_email'.</msg>
<arg>name:txt_email</arg>
<arg>${email}</arg>
<doc>Types the given ``text`` into the text field identified by ``locator``.</doc>
<status status="PASS" start="2026-05-12T12:01:56.585318" elapsed="0.187558"/>
</kw>
<kw name="Input Password" owner="SeleniumLibrary">
<msg time="2026-05-12T12:01:56.773534" level="INFO">Typing password into text field 'name:txt_password'.</msg>
<msg time="2026-05-12T12:01:56.803879" level="INFO">Temporally setting log level to: NONE</msg>
<arg>name:txt_password</arg>
<arg>${password}</arg>
<doc>Types the given password into the text field identified by ``locator``.</doc>
<status status="PASS" start="2026-05-12T12:01:56.773161" elapsed="0.073271"/>
</kw>
<kw name="Select From List By Value" owner="SeleniumLibrary">
<msg time="2026-05-12T12:01:56.847149" level="INFO">Selecting options from selection list 'name:txt_role' by value student.</msg>
<arg>name:txt_role</arg>
<arg>${role}</arg>
<doc>Selects options from selection list ``locator`` by ``values``.</doc>
<status status="PASS" start="2026-05-12T12:01:56.846696" elapsed="0.075044"/>
</kw>
<arg>${STUDENT_EMAIL}</arg>
<arg>${STUDENT_PASSWORD}</arg>
<arg>student</arg>
<status status="PASS" start="2026-05-12T12:01:56.584600" elapsed="0.337357"/>
</kw>
<kw name="Submit Login Form">
<kw name="Click Button" owner="SeleniumLibrary">
<msg time="2026-05-12T12:01:56.923083" level="INFO">Clicking button 'name:btn_login'.</msg>
<arg>name:btn_login</arg>
<doc>Clicks the button identified by ``locator``.</doc>
<status status="PASS" start="2026-05-12T12:01:56.922838" elapsed="0.256728"/>
</kw>
<kw name="Sleep" owner="BuiltIn">
<msg time="2026-05-12T12:01:59.181447" level="INFO">Slept 2 seconds.</msg>
<arg>2s</arg>
<doc>Pauses the test executed for the given time.</doc>
<status status="PASS" start="2026-05-12T12:01:57.180565" elapsed="2.001071"/>
</kw>
<status status="PASS" start="2026-05-12T12:01:56.922463" elapsed="2.259302"/>
</kw>
<kw name="Location Should Contain" owner="SeleniumLibrary">
<msg time="2026-05-12T12:01:59.186286" level="INFO">Current location contains 'student/student_home.php'.</msg>
<arg>student/student_home.php</arg>
<doc>Verifies that the current URL contains ``expected``.</doc>
<status status="PASS" start="2026-05-12T12:01:59.182077" elapsed="0.004343"/>
</kw>
<kw name="Close Browser" owner="SeleniumLibrary" type="TEARDOWN">
<doc>Closes the current browser.</doc>
<status status="PASS" start="2026-05-12T12:01:59.186901" elapsed="2.114145"/>
</kw>
<doc>เข้าสู่ระบบด้วยสิทธิ์นักศึกษา</doc>
<tag>positive</tag>
<tag>TC-002</tag>
<status status="PASS" start="2026-05-12T12:01:55.202463" elapsed="6.098826"/>
</test>
<test id="s1-s1-s1-t3" name="TC-003 Login Personnel In Successfully" line="55">
<kw name="Open Browser And Go To Login Page" type="SETUP">
<kw name="Open Browser" owner="SeleniumLibrary">
<msg time="2026-05-12T12:02:01.303471" level="INFO">Opening browser 'Chrome' to base url 'http://localhost/Fitness-swimming-master-main/index.php'.</msg>
<arg>${URL}</arg>
<arg>${BROWSER}</arg>
<doc>Opens a new browser instance to the optional ``url``.</doc>
<status status="PASS" start="2026-05-12T12:02:01.303213" elapsed="1.356997"/>
</kw>
<kw name="Maximize Browser Window" owner="SeleniumLibrary">
<doc>Maximizes current browser window.</doc>
<status status="PASS" start="2026-05-12T12:02:02.660565" elapsed="0.028434"/>
</kw>
<kw name="Delete All Cookies" owner="SeleniumLibrary">
<doc>Deletes all cookies.</doc>
<status status="PASS" start="2026-05-12T12:02:02.689277" elapsed="0.008777"/>
</kw>
<kw name="Go To" owner="SeleniumLibrary">
<msg time="2026-05-12T12:02:02.698440" level="INFO">Opening url 'http://localhost/Fitness-swimming-master-main/index.php'</msg>
<arg>${URL}</arg>
<doc>Navigates the current browser window to the provided ``url``.</doc>
<status status="PASS" start="2026-05-12T12:02:02.698263" elapsed="0.030806"/>
</kw>
<kw name="Wait Until Element Is Visible" owner="SeleniumLibrary">
<arg>name:txt_email</arg>
<arg>timeout=15s</arg>
<doc>Waits until the element ``locator`` is visible.</doc>
<status status="PASS" start="2026-05-12T12:02:02.729463" elapsed="0.020234"/>
</kw>
<status status="PASS" start="2026-05-12T12:02:01.302887" elapsed="1.446979"/>
</kw>
<kw name="Fill Login Form">
<kw name="Input Text" owner="SeleniumLibrary">
<msg time="2026-05-12T12:02:02.751001" level="INFO">Typing text '6210210129@psu.ac.th' into text field 'name:txt_email'.</msg>
<arg>name:txt_email</arg>
<arg>${email}</arg>
<doc>Types the given ``text`` into the text field identified by ``locator``.</doc>
<status status="PASS" start="2026-05-12T12:02:02.750725" elapsed="0.194064"/>
</kw>
<kw name="Input Password" owner="SeleniumLibrary">
<msg time="2026-05-12T12:02:02.945348" level="INFO">Typing password into text field 'name:txt_password'.</msg>
<msg time="2026-05-12T12:02:02.977676" level="INFO">Temporally setting log level to: NONE</msg>
<arg>name:txt_password</arg>
<arg>${password}</arg>
<doc>Types the given password into the text field identified by ``locator``.</doc>
<status status="PASS" start="2026-05-12T12:02:02.945030" elapsed="0.070938"/>
</kw>
<kw name="Select From List By Value" owner="SeleniumLibrary">
<msg time="2026-05-12T12:02:03.016548" level="INFO">Selecting options from selection list 'name:txt_role' by value in_personnel.</msg>
<arg>name:txt_role</arg>
<arg>${role}</arg>
<doc>Selects options from selection list ``locator`` by ``values``.</doc>
<status status="PASS" start="2026-05-12T12:02:03.016199" elapsed="0.075158"/>
</kw>
<arg>${PERSONNEL_EMAIL}</arg>
<arg>${PERSONNEL_PASSWORD}</arg>
<arg>in_personnel</arg>
<status status="PASS" start="2026-05-12T12:02:02.750258" elapsed="0.341242"/>
</kw>
<kw name="Submit Login Form">
<kw name="Click Button" owner="SeleniumLibrary">
<msg time="2026-05-12T12:02:03.092530" level="INFO">Clicking button 'name:btn_login'.</msg>
<arg>name:btn_login</arg>
<doc>Clicks the button identified by ``locator``.</doc>
<status status="PASS" start="2026-05-12T12:02:03.092313" elapsed="0.253464"/>
</kw>
<kw name="Sleep" owner="BuiltIn">
<msg time="2026-05-12T12:02:05.347923" level="INFO">Slept 2 seconds.</msg>
<arg>2s</arg>
<doc>Pauses the test executed for the given time.</doc>
<status status="PASS" start="2026-05-12T12:02:03.347290" elapsed="2.000794"/>
</kw>
<status status="PASS" start="2026-05-12T12:02:03.091982" elapsed="2.256234"/>
</kw>
<kw name="Location Should Contain" owner="SeleniumLibrary">
<msg time="2026-05-12T12:02:05.352334" level="INFO">Current location contains 'in_personnel/in_personnel_home.php'.</msg>
<arg>in_personnel/in_personnel_home.php</arg>
<doc>Verifies that the current URL contains ``expected``.</doc>
<status status="PASS" start="2026-05-12T12:02:05.348538" elapsed="0.003913"/>
</kw>
<kw name="Close Browser" owner="SeleniumLibrary" type="TEARDOWN">
<doc>Closes the current browser.</doc>
<status status="PASS" start="2026-05-12T12:02:05.352839" elapsed="2.100995"/>
</kw>
<doc>เข้าสู่ระบบด้วยสิทธิ์บุคลากรภายใน</doc>
<tag>positive</tag>
<tag>TC-003</tag>
<status status="PASS" start="2026-05-12T12:02:01.301793" elapsed="6.152263"/>
</test>
<test id="s1-s1-s1-t4" name="TC-004 Login Personnel Out Successfully" line="68">
<kw name="Open Browser And Go To Login Page" type="SETUP">
<kw name="Open Browser" owner="SeleniumLibrary">
<msg time="2026-05-12T12:02:07.456427" level="INFO">Opening browser 'Chrome' to base url 'http://localhost/Fitness-swimming-master-main/index.php'.</msg>
<arg>${URL}</arg>
<arg>${BROWSER}</arg>
<doc>Opens a new browser instance to the optional ``url``.</doc>
<status status="PASS" start="2026-05-12T12:02:07.456146" elapsed="1.218707"/>
</kw>
<kw name="Maximize Browser Window" owner="SeleniumLibrary">
<doc>Maximizes current browser window.</doc>
<status status="PASS" start="2026-05-12T12:02:08.675115" elapsed="0.026594"/>
</kw>
<kw name="Delete All Cookies" owner="SeleniumLibrary">
<doc>Deletes all cookies.</doc>
<status status="PASS" start="2026-05-12T12:02:08.701947" elapsed="0.009828"/>
</kw>
<kw name="Go To" owner="SeleniumLibrary">
<msg time="2026-05-12T12:02:08.712353" level="INFO">Opening url 'http://localhost/Fitness-swimming-master-main/index.php'</msg>
<arg>${URL}</arg>
<doc>Navigates the current browser window to the provided ``url``.</doc>
<status status="PASS" start="2026-05-12T12:02:08.712069" elapsed="0.035093"/>
</kw>
<kw name="Wait Until Element Is Visible" owner="SeleniumLibrary">
<arg>name:txt_email</arg>
<arg>timeout=15s</arg>
<doc>Waits until the element ``locator`` is visible.</doc>
<status status="PASS" start="2026-05-12T12:02:08.747400" elapsed="0.020538"/>
</kw>
<status status="PASS" start="2026-05-12T12:02:07.455760" elapsed="1.312314"/>
</kw>
<kw name="Fill Login Form">
<kw name="Input Text" owner="SeleniumLibrary">
<msg time="2026-05-12T12:02:08.769412" level="INFO">Typing text '6210210074@psu.ac.th' into text field 'name:txt_email'.</msg>
<arg>name:txt_email</arg>
<arg>${email}</arg>
<doc>Types the given ``text`` into the text field identified by ``locator``.</doc>
<status status="PASS" start="2026-05-12T12:02:08.769047" elapsed="0.109786"/>
</kw>
<kw name="Input Password" owner="SeleniumLibrary">
<msg time="2026-05-12T12:02:08.879433" level="INFO">Typing password into text field 'name:txt_password'.</msg>
<msg time="2026-05-12T12:02:09.021066" level="INFO">Temporally setting log level to: NONE</msg>
<arg>name:txt_password</arg>
<arg>${password}</arg>
<doc>Types the given password into the text field identified by ``locator``.</doc>
<status status="PASS" start="2026-05-12T12:02:08.879093" elapsed="0.179988"/>
</kw>
<kw name="Select From List By Value" owner="SeleniumLibrary">
<msg time="2026-05-12T12:02:09.059703" level="INFO">Selecting options from selection list 'name:txt_role' by value out_personnel.</msg>
<arg>name:txt_role</arg>
<arg>${role}</arg>
<doc>Selects options from selection list ``locator`` by ``values``.</doc>
<status status="PASS" start="2026-05-12T12:02:09.059345" elapsed="0.073497"/>
</kw>
<arg>${OUT_EMAIL}</arg>
<arg>${OUT_PASSWORD}</arg>
<arg>out_personnel</arg>
<status status="PASS" start="2026-05-12T12:02:08.768580" elapsed="0.364442"/>
</kw>
<kw name="Submit Login Form">
<kw name="Click Button" owner="SeleniumLibrary">
<msg time="2026-05-12T12:02:09.133875" level="INFO">Clicking button 'name:btn_login'.</msg>
<arg>name:btn_login</arg>
<doc>Clicks the button identified by ``locator``.</doc>
<status status="PASS" start="2026-05-12T12:02:09.133695" elapsed="0.095083"/>
</kw>
<kw name="Sleep" owner="BuiltIn">
<msg time="2026-05-12T12:02:11.229691" level="INFO">Slept 2 seconds.</msg>
<arg>2s</arg>
<doc>Pauses the test executed for the given time.</doc>
<status status="PASS" start="2026-05-12T12:02:09.229033" elapsed="2.000862"/>
</kw>
<status status="PASS" start="2026-05-12T12:02:09.133389" elapsed="2.096664"/>
</kw>
<kw name="Location Should Contain" owner="SeleniumLibrary">
<msg time="2026-05-12T12:02:11.234605" level="INFO">Current location contains 'out_personnel/out_personnel_home.php'.</msg>
<arg>out_personnel/out_personnel_home.php</arg>
<doc>Verifies that the current URL contains ``expected``.</doc>
<status status="PASS" start="2026-05-12T12:02:11.230456" elapsed="0.004643"/>
</kw>
<kw name="Close Browser" owner="SeleniumLibrary" type="TEARDOWN">
<doc>Closes the current browser.</doc>
<status status="PASS" start="2026-05-12T12:02:11.235608" elapsed="2.093358"/>
</kw>
<doc>เข้าสู่ระบบด้วยสิทธิ์บุคลากรภายนอก</doc>
<tag>positive</tag>
<tag>TC-004</tag>
<status status="PASS" start="2026-05-12T12:02:07.454512" elapsed="5.874667"/>
</test>
<test id="s1-s1-s1-t5" name="TC-005 Login With Wrong Password" line="81">
<kw name="Open Browser And Go To Login Page" type="SETUP">
<kw name="Open Browser" owner="SeleniumLibrary">
<msg time="2026-05-12T12:02:13.331215" level="INFO">Opening browser 'Chrome' to base url 'http://localhost/Fitness-swimming-master-main/index.php'.</msg>
<arg>${URL}</arg>
<arg>${BROWSER}</arg>
<doc>Opens a new browser instance to the optional ``url``.</doc>
<status status="PASS" start="2026-05-12T12:02:13.330958" elapsed="1.346665"/>
</kw>
<kw name="Maximize Browser Window" owner="SeleniumLibrary">
<doc>Maximizes current browser window.</doc>
<status status="PASS" start="2026-05-12T12:02:14.677981" elapsed="0.021208"/>
</kw>
<kw name="Delete All Cookies" owner="SeleniumLibrary">
<doc>Deletes all cookies.</doc>
<status status="PASS" start="2026-05-12T12:02:14.699395" elapsed="0.009634"/>
</kw>
<kw name="Go To" owner="SeleniumLibrary">
<msg time="2026-05-12T12:02:14.709515" level="INFO">Opening url 'http://localhost/Fitness-swimming-master-main/index.php'</msg>
<arg>${URL}</arg>
<doc>Navigates the current browser window to the provided ``url``.</doc>
<status status="PASS" start="2026-05-12T12:02:14.709271" elapsed="0.030619"/>
</kw>
<kw name="Wait Until Element Is Visible" owner="SeleniumLibrary">
<arg>name:txt_email</arg>
<arg>timeout=15s</arg>
<doc>Waits until the element ``locator`` is visible.</doc>
<status status="PASS" start="2026-05-12T12:02:14.740097" elapsed="0.020523"/>
</kw>
<status status="PASS" start="2026-05-12T12:02:13.330626" elapsed="1.430162"/>
</kw>
<kw name="Fill Login Form">
<kw name="Input Text" owner="SeleniumLibrary">
<msg time="2026-05-12T12:02:14.761854" level="INFO">Typing text 'admin@gmail.com' into text field 'name:txt_email'.</msg>
<arg>name:txt_email</arg>
<arg>${email}</arg>
<doc>Types the given ``text`` into the text field identified by ``locator``.</doc>
<status status="PASS" start="2026-05-12T12:02:14.761652" elapsed="0.211765"/>
</kw>
<kw name="Input Password" owner="SeleniumLibrary">
<msg time="2026-05-12T12:02:14.974230" level="INFO">Typing password into text field 'name:txt_password'.</msg>
<msg time="2026-05-12T12:02:15.003316" level="INFO">Temporally setting log level to: NONE</msg>
<arg>name:txt_password</arg>
<arg>${password}</arg>
<doc>Types the given password into the text field identified by ``locator``.</doc>
<status status="PASS" start="2026-05-12T12:02:14.973763" elapsed="0.066944"/>
</kw>
<kw name="Select From List By Value" owner="SeleniumLibrary">
<msg time="2026-05-12T12:02:15.041353" level="INFO">Selecting options from selection list 'name:txt_role' by value admin.</msg>
<arg>name:txt_role</arg>
<arg>${role}</arg>
<doc>Selects options from selection list ``locator`` by ``values``.</doc>
<status status="PASS" start="2026-05-12T12:02:15.040995" elapsed="0.069497"/>
</kw>
<arg>${ADMIN_EMAIL}</arg>
<arg>${WRONG_PASSWORD}</arg>
<arg>admin</arg>
<status status="PASS" start="2026-05-12T12:02:14.761201" elapsed="0.349433"/>
</kw>
<kw name="Submit Login Form">
<kw name="Click Button" owner="SeleniumLibrary">
<msg time="2026-05-12T12:02:15.111571" level="INFO">Clicking button 'name:btn_login'.</msg>
<arg>name:btn_login</arg>
<doc>Clicks the button identified by ``locator``.</doc>
<status status="PASS" start="2026-05-12T12:02:15.111341" elapsed="0.122557"/>
</kw>
<kw name="Sleep" owner="BuiltIn">
<msg time="2026-05-12T12:02:17.235044" level="INFO">Slept 2 seconds.</msg>
<arg>2s</arg>
<doc>Pauses the test executed for the given time.</doc>
<status status="PASS" start="2026-05-12T12:02:15.234229" elapsed="2.000979"/>
</kw>
<status status="PASS" start="2026-05-12T12:02:15.111016" elapsed="2.124329"/>
</kw>
<kw name="Wait Until Page Contains" owner="SeleniumLibrary">
<arg>Wrong email or password or role</arg>
<arg>10s</arg>
<doc>Waits until ``text`` appears on the current page.</doc>
<status status="PASS" start="2026-05-12T12:02:17.235685" elapsed="0.011548"/>
</kw>
<kw name="Close Browser" owner="SeleniumLibrary" type="TEARDOWN">
<doc>Closes the current browser.</doc>
<status status="PASS" start="2026-05-12T12:02:17.247666" elapsed="2.092527"/>
</kw>
<doc>กรอก Password ผิด ระบบต้องแสดง "Wrong email or password or role"</doc>
<tag>negative</tag>
<tag>TC-005</tag>
<status status="PASS" start="2026-05-12T12:02:13.329646" elapsed="6.010884"/>
</test>
<test id="s1-s1-s1-t6" name="TC-006 Login Without Selecting Role" line="94">
<kw name="Open Browser And Go To Login Page" type="SETUP">
<kw name="Open Browser" owner="SeleniumLibrary">
<msg time="2026-05-12T12:02:19.342856" level="INFO">Opening browser 'Chrome' to base url 'http://localhost/Fitness-swimming-master-main/index.php'.</msg>
<arg>${URL}</arg>
<arg>${BROWSER}</arg>
<doc>Opens a new browser instance to the optional ``url``.</doc>
<status status="PASS" start="2026-05-12T12:02:19.342614" elapsed="1.303105"/>
</kw>
<kw name="Maximize Browser Window" owner="SeleniumLibrary">
<doc>Maximizes current browser window.</doc>
<status status="PASS" start="2026-05-12T12:02:20.646107" elapsed="0.032837"/>
</kw>
<kw name="Delete All Cookies" owner="SeleniumLibrary">
<doc>Deletes all cookies.</doc>
<status status="PASS" start="2026-05-12T12:02:20.679136" elapsed="0.080484"/>
</kw>
<kw name="Go To" owner="SeleniumLibrary">
<msg time="2026-05-12T12:02:20.760129" level="INFO">Opening url 'http://localhost/Fitness-swimming-master-main/index.php'</msg>
<arg>${URL}</arg>
<doc>Navigates the current browser window to the provided ``url``.</doc>
<status status="PASS" start="2026-05-12T12:02:20.759874" elapsed="0.036319"/>
</kw>
<kw name="Wait Until Element Is Visible" owner="SeleniumLibrary">
<arg>name:txt_email</arg>
<arg>timeout=15s</arg>
<doc>Waits until the element ``locator`` is visible.</doc>
<status status="PASS" start="2026-05-12T12:02:20.796475" elapsed="0.019079"/>
</kw>
<status status="PASS" start="2026-05-12T12:02:19.342244" elapsed="1.473511"/>
</kw>
<kw name="Input Text" owner="SeleniumLibrary">
<msg time="2026-05-12T12:02:20.816420" level="INFO">Typing text 'admin@gmail.com' into text field 'name:txt_email'.</msg>
<arg>name:txt_email</arg>
<arg>${ADMIN_EMAIL}</arg>
<doc>Types the given ``text`` into the text field identified by ``locator``.</doc>
<status status="PASS" start="2026-05-12T12:02:20.816058" elapsed="0.159302"/>
</kw>
<kw name="Input Password" owner="SeleniumLibrary">
<msg time="2026-05-12T12:02:20.976280" level="INFO">Typing password into text field 'name:txt_password'.</msg>
<msg time="2026-05-12T12:02:21.015982" level="INFO">Temporally setting log level to: NONE</msg>
<arg>name:txt_password</arg>
<arg>${ADMIN_PASSWORD}</arg>
<doc>Types the given password into the text field identified by ``locator``.</doc>
<status status="PASS" start="2026-05-12T12:02:20.975781" elapsed="0.095764"/>
</kw>
<kw name="Submit Login Form">
<kw name="Click Button" owner="SeleniumLibrary">
<msg time="2026-05-12T12:02:21.072465" level="INFO">Clicking button 'name:btn_login'.</msg>
<arg>name:btn_login</arg>
<doc>Clicks the button identified by ``locator``.</doc>
<status status="PASS" start="2026-05-12T12:02:21.072262" elapsed="0.125257"/>
</kw>
<kw name="Sleep" owner="BuiltIn">
<msg time="2026-05-12T12:02:23.198865" level="INFO">Slept 2 seconds.</msg>
<arg>2s</arg>
<doc>Pauses the test executed for the given time.</doc>
<status status="PASS" start="2026-05-12T12:02:21.197969" elapsed="2.001071"/>
</kw>
<status status="PASS" start="2026-05-12T12:02:21.072010" elapsed="2.127175"/>
</kw>
<kw name="Sleep" owner="BuiltIn">
<msg time="2026-05-12T12:02:25.200203" level="INFO">Slept 2 seconds.</msg>
<arg>2s</arg>
<doc>Pauses the test executed for the given time.</doc>
<status status="PASS" start="2026-05-12T12:02:23.199521" elapsed="2.000831"/>
</kw>
<kw name="Location Should Not Contain">
<msg time="2026-05-12T12:02:25.202703" level="FAIL">No keyword with name 'Location Should Not Contain' found. Did you mean:
    SeleniumLibrary.Location Should Contain</msg>
<arg>admin/admin_home.php</arg>
<status status="FAIL" start="2026-05-12T12:02:25.202543" elapsed="0.000270">No keyword with name 'Location Should Not Contain' found. Did you mean:
    SeleniumLibrary.Location Should Contain</status>
</kw>
<kw name="Location Should Not Contain">
<arg>student/student_home.php</arg>
<status status="NOT RUN" start="2026-05-12T12:02:25.203260" elapsed="0.000048"/>
</kw>
<kw name="Location Should Not Contain">
<arg>in_personnel/in_personnel_home.php</arg>
<status status="NOT RUN" start="2026-05-12T12:02:25.203498" elapsed="0.000026"/>
</kw>
<kw name="Location Should Not Contain">
<arg>out_personnel/out_personnel_home.php</arg>
<status status="NOT RUN" start="2026-05-12T12:02:25.203655" elapsed="0.000023"/>
</kw>
<kw name="Close Browser" owner="SeleniumLibrary" type="TEARDOWN">
<doc>Closes the current browser.</doc>
<status status="PASS" start="2026-05-12T12:02:25.204039" elapsed="2.104497"/>
</kw>
<doc>ไม่เลือกระดับสมาชิก ระบบต้องแสดง "Wrong email or password or role"</doc>
<tag>negative</tag>
<tag>TC-006</tag>
<status status="FAIL" start="2026-05-12T12:02:19.341086" elapsed="7.967706">No keyword with name 'Location Should Not Contain' found. Did you mean:
    SeleniumLibrary.Location Should Contain</status>
</test>
<kw name="Close All Browsers" owner="SeleniumLibrary" type="TEARDOWN">
<doc>Closes all open browsers and resets the browser cache.</doc>
<status status="PASS" start="2026-05-12T12:02:27.309652" elapsed="0.000209"/>
</kw>
<status status="FAIL" start="2026-05-12T12:01:48.853676" elapsed="38.456240"/>
</suite>
<status status="FAIL" start="2026-05-12T12:01:48.851720" elapsed="38.459183"/>
</suite>
<status status="FAIL" start="2026-05-12T12:01:48.808903" elapsed="38.502622"/>
</suite>
<statistics>
<total>
<stat pass="5" fail="1" skip="0">All Tests</stat>
</total>
<tag>
<stat pass="1" fail="1" skip="0">negative</stat>
<stat pass="4" fail="0" skip="0">positive</stat>
<stat pass="1" fail="0" skip="0">TC-001</stat>
<stat pass="1" fail="0" skip="0">TC-002</stat>
<stat pass="1" fail="0" skip="0">TC-003</stat>
<stat pass="1" fail="0" skip="0">TC-004</stat>
<stat pass="1" fail="0" skip="0">TC-005</stat>
<stat pass="0" fail="1" skip="0">TC-006</stat>
</tag>
<suite>
<stat name="Testing" id="s1" pass="5" fail="1" skip="0">Testing</stat>
<stat name="Login Tests" id="s1-s1" pass="5" fail="1" skip="0">Testing.Login Tests</stat>
<stat name="Login" id="s1-s1-s1" pass="5" fail="1" skip="0">Testing.Login Tests.Login</stat>
</suite>
</statistics>
<errors>
</errors>
</robot>
