<?xml version="1.0" encoding="UTF-8"?>
<robot generator="Robot 7.4.2 (Python 3.14.4 on win32)" generated="2026-05-11T17:11:03.178282" rpa="false" schemaversion="5">
<suite id="s1" name="Testing" source="D:\Web\portfolio-main\Testing">
<suite id="s1-s1" name="Login Tests" source="D:\Web\portfolio-main\Testing\login_tests">
<suite id="s1-s1-s1" name="Login" source="D:\Web\portfolio-main\Testing\login_tests\login.robot">
<test id="s1-s1-s1-t1" name="Login As Admin" line="12">
<kw name="Open Browser" owner="SeleniumLibrary">
<msg time="2026-05-11T17:11:03.366047" level="INFO">Opening browser 'Chrome' to base url 'http://localhost/Fitness-swimming-master-main/index.php'.</msg>
<arg>${URL}</arg>
<arg>${BROWSER}</arg>
<doc>Opens a new browser instance to the optional ``url``.</doc>
<status status="PASS" start="2026-05-11T17:11:03.365817" elapsed="1.765113"/>
</kw>
<kw name="Maximize Browser Window" owner="SeleniumLibrary">
<doc>Maximizes current browser window.</doc>
<status status="PASS" start="2026-05-11T17:11:05.131572" elapsed="0.035458"/>
</kw>
<kw name="Wait Until Element Is Visible" owner="SeleniumLibrary">
<arg>name:txt_email</arg>
<arg>10s</arg>
<doc>Waits until the element ``locator`` is visible.</doc>
<status status="PASS" start="2026-05-11T17:11:05.167308" elapsed="0.015996"/>
</kw>
<kw name="Input Text" owner="SeleniumLibrary">
<msg time="2026-05-11T17:11:05.183894" level="INFO">Typing text 'admin@gmail.com' into text field 'name:txt_email'.</msg>
<arg>name:txt_email</arg>
<arg>${EMAIL}</arg>
<doc>Types the given ``text`` into the text field identified by ``locator``.</doc>
<status status="PASS" start="2026-05-11T17:11:05.183619" elapsed="0.076937"/>
</kw>
<kw name="Input Password" owner="SeleniumLibrary">
<msg time="2026-05-11T17:11:05.261312" level="INFO">Typing password into text field 'name:txt_password'.</msg>
<msg time="2026-05-11T17:11:05.283275" level="INFO">Temporally setting log level to: NONE</msg>
<arg>name:txt_password</arg>
<arg>${PASSWORD}</arg>
<doc>Types the given password into the text field identified by ``locator``.</doc>
<status status="PASS" start="2026-05-11T17:11:05.260911" elapsed="0.052338"/>
</kw>
<kw name="Select From List By Value" owner="SeleniumLibrary">
<msg time="2026-05-11T17:11:05.313817" level="INFO">Selecting options from selection list 'name:txt_role' by value admin.</msg>
<arg>name:txt_role</arg>
<arg>admin</arg>
<doc>Selects options from selection list ``locator`` by ``values``.</doc>
<status status="PASS" start="2026-05-11T17:11:05.313577" elapsed="0.048747"/>
</kw>
<kw name="Sleep" owner="BuiltIn">
<msg time="2026-05-11T17:11:07.363250" level="INFO">Slept 2 seconds.</msg>
<arg>2s</arg>
<doc>Pauses the test executed for the given time.</doc>
<status status="PASS" start="2026-05-11T17:11:05.362553" elapsed="2.000817"/>
</kw>
<kw name="Click Button" owner="SeleniumLibrary">
<msg time="2026-05-11T17:11:07.364059" level="INFO">Clicking button 'name:btn_login'.</msg>
<arg>name:btn_login</arg>
<doc>Clicks the button identified by ``locator``.</doc>
<status status="PASS" start="2026-05-11T17:11:07.363683" elapsed="0.229210"/>
</kw>
<kw name="Sleep" owner="BuiltIn">
<msg time="2026-05-11T17:11:12.594163" level="INFO">Slept 5 seconds.</msg>
<arg>5s</arg>
<doc>Pauses the test executed for the given time.</doc>
<status status="PASS" start="2026-05-11T17:11:07.593205" elapsed="5.001059"/>
</kw>
<kw name="Close Browser" owner="SeleniumLibrary">
<doc>Closes the current browser.</doc>
<status status="PASS" start="2026-05-11T17:11:12.594589" elapsed="2.203764"/>
</kw>
<status status="PASS" start="2026-05-11T17:11:03.361909" elapsed="11.436720"/>
</test>
<status status="PASS" start="2026-05-11T17:11:03.208273" elapsed="11.590970"/>
</suite>
<status status="PASS" start="2026-05-11T17:11:03.207258" elapsed="11.592550"/>
</suite>
<status status="PASS" start="2026-05-11T17:11:03.180008" elapsed="11.620215"/>
</suite>
<statistics>
<total>
<stat pass="1" fail="0" skip="0">All Tests</stat>
</total>
<tag>
</tag>
<suite>
<stat name="Testing" id="s1" pass="1" fail="0" skip="0">Testing</stat>
<stat name="Login Tests" id="s1-s1" pass="1" fail="0" skip="0">Testing.Login Tests</stat>
<stat name="Login" id="s1-s1-s1" pass="1" fail="0" skip="0">Testing.Login Tests.Login</stat>
</suite>
</statistics>
<errors>
</errors>
</robot>
