<?xml version="1.0" encoding="UTF-8"?>
<robot generator="Robot 7.4.2 (Python 3.14.4 on win32)" generated="2026-05-11T16:13:19.012601" rpa="false" schemaversion="5">
<suite id="s1" name="Login Tests" source="D:\Web\robotframework\login_tests">
<suite id="s1-s1" name="Login" source="D:\Web\robotframework\login_tests\login.robot">
<kw name="Open Browser" owner="SeleniumLibrary" type="SETUP">
<msg time="2026-05-11T16:13:19.188417" level="INFO">Opening browser 'Chrome' to base url 'http://localhost/Fitness-swimming-master-main/index.php'.</msg>
<arg>${URL}</arg>
<arg>${BROWSER}</arg>
<doc>Opens a new browser instance to the optional ``url``.</doc>
<status status="PASS" start="2026-05-11T16:13:19.188169" elapsed="1.193870"/>
</kw>
<test id="s1-s1-t1" name="TC-001 - Login As Admin Successfully" line="28">
<kw name="Go To" owner="SeleniumLibrary" type="SETUP">
<msg time="2026-05-11T16:13:20.383953" level="INFO">Opening url 'http://localhost/Fitness-swimming-master-main/index.php'</msg>
<arg>${URL}</arg>
<doc>Navigates the current browser window to the provided ``url``.</doc>
<status status="PASS" start="2026-05-11T16:13:20.383601" elapsed="0.032797"/>
</kw>
<kw name="Wait Until Element Is Visible" owner="SeleniumLibrary">
<arg>name:txt_email</arg>
<arg>${TIMEOUT}</arg>
<doc>Waits until the element ``locator`` is visible.</doc>
<status status="PASS" start="2026-05-11T16:13:20.416851" elapsed="0.018459"/>
</kw>
<kw name="Page Should Contain Element" owner="SeleniumLibrary">
<msg time="2026-05-11T16:13:20.441812" level="INFO">Current page contains element 'name:txt_email'.</msg>
<arg>name:txt_email</arg>
<doc>Verifies that element ``locator`` is found on the current page.</doc>
<status status="PASS" start="2026-05-11T16:13:20.435752" elapsed="0.006153"/>
</kw>
<kw name="Input Text" owner="SeleniumLibrary">
<msg time="2026-05-11T16:13:20.442489" level="INFO">Typing text 'admin@gmail.com' into text field 'name:txt_email'.</msg>
<arg>name:txt_email</arg>
<arg>${EMAIL_ADMIN}</arg>
<doc>Types the given ``text`` into the text field identified by ``locator``.</doc>
<status status="PASS" start="2026-05-11T16:13:20.442194" elapsed="0.089432"/>
</kw>
<kw name="Input Password" owner="SeleniumLibrary">
<msg time="2026-05-11T16:13:20.532225" level="INFO">Typing password into text field 'name:txt_password'.</msg>
<msg time="2026-05-11T16:13:20.553251" level="INFO">Temporally setting log level to: NONE</msg>
<arg>name:txt_password</arg>
<arg>${PASSWORD_ADMIN}</arg>
<doc>Types the given password into the text field identified by ``locator``.</doc>
<status status="PASS" start="2026-05-11T16:13:20.531945" elapsed="0.054378"/>
</kw>
<kw name="Select From List By Value" owner="SeleniumLibrary">
<msg time="2026-05-11T16:13:20.586845" level="INFO">Selecting options from selection list 'name:txt_role' by value admin.</msg>
<arg>name:txt_role</arg>
<arg>admin</arg>
<doc>Selects options from selection list ``locator`` by ``values``.</doc>
<status status="PASS" start="2026-05-11T16:13:20.586628" elapsed="0.060743"/>
</kw>
<kw name="Click Button" owner="SeleniumLibrary">
<msg time="2026-05-11T16:13:20.647785" level="INFO">Clicking button 'name:btn_login'.</msg>
<arg>name:btn_login</arg>
<doc>Clicks the button identified by ``locator``.</doc>
<status status="PASS" start="2026-05-11T16:13:20.647614" elapsed="0.047846"/>
</kw>
<kw name="Wait Until Url Contains">
<kw name="Wait Until Keyword Succeeds" owner="BuiltIn">
<kw name="Location Should Contain" owner="SeleniumLibrary">
<msg time="2026-05-11T16:13:20.848391" level="INFO">Current location contains 'admin/admin_home.php'.</msg>
<arg>${expected_url_part}</arg>
<doc>Verifies that the current URL contains ``expected``.</doc>
<status status="PASS" start="2026-05-11T16:13:20.697297" elapsed="0.151354"/>
</kw>
<arg>${timeout}</arg>
<arg>1s</arg>
<arg>Location Should Contain</arg>
<arg>${expected_url_part}</arg>
<doc>Runs the specified keyword and retries if it fails.</doc>
<status status="PASS" start="2026-05-11T16:13:20.696704" elapsed="0.152122"/>
</kw>
<arg>admin/admin_home.php</arg>
<arg>${TIMEOUT}</arg>
<doc>รอจนกว่า URL จะมี string ที่กำหนด</doc>
<status status="PASS" start="2026-05-11T16:13:20.696125" elapsed="0.152794"/>
</kw>
<kw name="Log" owner="BuiltIn">
<msg time="2026-05-11T16:13:20.849496" level="INFO">TC-001 PASSED: Admin login redirect to admin_home.php</msg>
<arg>TC-001 PASSED: Admin login redirect to admin_home.php</arg>
<doc>Logs the given message with the given level.</doc>
<status status="PASS" start="2026-05-11T16:13:20.849181" elapsed="0.000362"/>
</kw>
<doc>TS-001: เข้าสู่ระบบด้วยตัวผู้ดูแลระบบ</doc>
<tag>positive</tag>
<tag>smoke</tag>
<tag>TS-001</tag>
<status status="PASS" start="2026-05-11T16:13:20.382346" elapsed="0.467565"/>
</test>
<test id="s1-s1-t2" name="TC-002 - Login As Student Successfully" line="48">
<kw name="Go To" owner="SeleniumLibrary" type="SETUP">
<msg time="2026-05-11T16:13:20.851513" level="INFO">Opening url 'http://localhost/Fitness-swimming-master-main/index.php'</msg>
<arg>${URL}</arg>
<doc>Navigates the current browser window to the provided ``url``.</doc>
<status status="PASS" start="2026-05-11T16:13:20.851127" elapsed="0.027052"/>
</kw>
<kw name="Wait Until Element Is Visible" owner="SeleniumLibrary">
<msg time="2026-05-11T16:13:31.080982" level="INFO" html="true">&lt;/td&gt;&lt;/tr&gt;&lt;tr&gt;&lt;td colspan="3"&gt;&lt;a href="selenium-screenshot-1.png"&gt;&lt;img src="selenium-screenshot-1.png" width="800px"&gt;&lt;/a&gt;</msg>
<msg time="2026-05-11T16:13:31.081164" level="FAIL">Element 'name:txt_email' not visible after 10 seconds.</msg>
<arg>name:txt_email</arg>
<arg>${TIMEOUT}</arg>
<doc>Waits until the element ``locator`` is visible.</doc>
<status status="FAIL" start="2026-05-11T16:13:20.878503" elapsed="10.204149">Element 'name:txt_email' not visible after 10 seconds.</status>
</kw>
<kw name="Page Should Contain Element" owner="SeleniumLibrary">
<arg>name:txt_email</arg>
<doc>Verifies that element ``locator`` is found on the current page.</doc>
<status status="NOT RUN" start="2026-05-11T16:13:31.082892" elapsed="0.000030"/>
</kw>
<kw name="Input Text" owner="SeleniumLibrary">
<arg>name:txt_email</arg>
<arg>${EMAIL_STUDENT}</arg>
<doc>Types the given ``text`` into the text field identified by ``locator``.</doc>
<status status="NOT RUN" start="2026-05-11T16:13:31.083064" elapsed="0.000027"/>
</kw>
<kw name="Input Password" owner="SeleniumLibrary">
<arg>name:txt_password</arg>
<arg>${PASSWORD_STUDENT}</arg>
<doc>Types the given password into the text field identified by ``locator``.</doc>
<status status="NOT RUN" start="2026-05-11T16:13:31.083276" elapsed="0.000033"/>
</kw>
<kw name="Select From List By Value" owner="SeleniumLibrary">
<arg>name:txt_role</arg>
<arg>student</arg>
<doc>Selects options from selection list ``locator`` by ``values``.</doc>
<status status="NOT RUN" start="2026-05-11T16:13:31.083484" elapsed="0.000031"/>
</kw>
<kw name="Click Button" owner="SeleniumLibrary">
<arg>name:btn_login</arg>
<doc>Clicks the button identified by ``locator``.</doc>
<status status="NOT RUN" start="2026-05-11T16:13:31.083687" elapsed="0.000033"/>
</kw>
<kw name="Wait Until Url Contains">
<arg>student/student_home.php</arg>
<arg>${TIMEOUT}</arg>
<doc>รอจนกว่า URL จะมี string ที่กำหนด</doc>
<status status="NOT RUN" start="2026-05-11T16:13:31.084260" elapsed="0.000051"/>
</kw>
<kw name="Log" owner="BuiltIn">
<arg>TC-002 PASSED: Student login redirect to student_home.php</arg>
<doc>Logs the given message with the given level.</doc>
<status status="NOT RUN" start="2026-05-11T16:13:31.084509" elapsed="0.000034"/>
</kw>
<doc>TS-002: เข้าสู่ระบบด้วยตัวนักศึกษา</doc>
<tag>positive</tag>
<tag>TS-002</tag>
<status status="FAIL" start="2026-05-11T16:13:20.850338" elapsed="10.234588">Element 'name:txt_email' not visible after 10 seconds.</status>
</test>
<test id="s1-s1-t3" name="TC-003 - Login As In-Personnel Successfully" line="68">
<kw name="Go To" owner="SeleniumLibrary" type="SETUP">
<msg time="2026-05-11T16:13:31.086089" level="INFO">Opening url 'http://localhost/Fitness-swimming-master-main/index.php'</msg>
<arg>${URL}</arg>
<doc>Navigates the current browser window to the provided ``url``.</doc>
<status status="PASS" start="2026-05-11T16:13:31.085962" elapsed="0.056889"/>
</kw>
<kw name="Wait Until Element Is Visible" owner="SeleniumLibrary">
<msg time="2026-05-11T16:13:41.287024" level="INFO" html="true">&lt;/td&gt;&lt;/tr&gt;&lt;tr&gt;&lt;td colspan="3"&gt;&lt;a href="selenium-screenshot-2.png"&gt;&lt;img src="selenium-screenshot-2.png" width="800px"&gt;&lt;/a&gt;</msg>
<msg time="2026-05-11T16:13:41.287161" level="FAIL">Element 'name:txt_email' not visible after 10 seconds.</msg>
<arg>name:txt_email</arg>
<arg>${TIMEOUT}</arg>
<doc>Waits until the element ``locator`` is visible.</doc>
<status status="FAIL" start="2026-05-11T16:13:31.143221" elapsed="10.144623">Element 'name:txt_email' not visible after 10 seconds.</status>
</kw>
<kw name="Page Should Contain Element" owner="SeleniumLibrary">
<arg>name:txt_email</arg>
<doc>Verifies that element ``locator`` is found on the current page.</doc>
<status status="NOT RUN" start="2026-05-11T16:13:41.288080" elapsed="0.000029"/>
</kw>
<kw name="Input Text" owner="SeleniumLibrary">
<arg>name:txt_email</arg>
<arg>${EMAIL_IN}</arg>
<doc>Types the given ``text`` into the text field identified by ``locator``.</doc>
<status status="NOT RUN" start="2026-05-11T16:13:41.288290" elapsed="0.000031"/>
</kw>
<kw name="Input Password" owner="SeleniumLibrary">
<arg>name:txt_password</arg>
<arg>${PASSWORD_IN}</arg>
<doc>Types the given password into the text field identified by ``locator``.</doc>
<status status="NOT RUN" start="2026-05-11T16:13:41.288467" elapsed="0.000024"/>
</kw>
<kw name="Select From List By Value" owner="SeleniumLibrary">
<arg>name:txt_role</arg>
<arg>in_personnel</arg>
<doc>Selects options from selection list ``locator`` by ``values``.</doc>
<status status="NOT RUN" start="2026-05-11T16:13:41.288595" elapsed="0.000018"/>
</kw>
<kw name="Click Button" owner="SeleniumLibrary">
<arg>name:btn_login</arg>
<doc>Clicks the button identified by ``locator``.</doc>
<status status="NOT RUN" start="2026-05-11T16:13:41.288707" elapsed="0.000017"/>
</kw>
<kw name="Wait Until Url Contains">
<arg>in_personnel/in_personnel_home.php</arg>
<arg>${TIMEOUT}</arg>
<doc>รอจนกว่า URL จะมี string ที่กำหนด</doc>
<status status="NOT RUN" start="2026-05-11T16:13:41.288869" elapsed="0.000020"/>
</kw>
<kw name="Log" owner="BuiltIn">
<arg>TC-003 PASSED: In-Personnel login redirect to in_personnel_home.php</arg>
<doc>Logs the given message with the given level.</doc>
<status status="NOT RUN" start="2026-05-11T16:13:41.288991" elapsed="0.000018"/>
</kw>
<doc>TS-003: เข้าสู่ระบบด้วยตัวบุคลากรภายใน</doc>
<tag>positive</tag>
<tag>TS-003</tag>
<status status="FAIL" start="2026-05-11T16:13:31.085397" elapsed="10.203856">Element 'name:txt_email' not visible after 10 seconds.</status>
</test>
<test id="s1-s1-t4" name="TC-004 - Login As Out-Personnel Successfully" line="88">
<kw name="Go To" owner="SeleniumLibrary" type="SETUP">
<msg time="2026-05-11T16:13:41.290565" level="INFO">Opening url 'http://localhost/Fitness-swimming-master-main/index.php'</msg>
<arg>${URL}</arg>
<doc>Navigates the current browser window to the provided ``url``.</doc>
<status status="PASS" start="2026-05-11T16:13:41.290418" elapsed="0.034025"/>
</kw>
<kw name="Wait Until Element Is Visible" owner="SeleniumLibrary">
<msg time="2026-05-11T16:13:50.292289" level="WARN">Keyword 'Capture Page Screenshot' could not be run on failure: Message: invalid session id; For documentation on this error, please visit: https://www.selenium.dev/documentation/webdriver/troubleshooting/errors#invalidsessionidexception
Stacktrace:
	chromedriver!GetHandleVerifier [0x7ff6a141d6d5+14ef5]
	chromedriver!GetHandleVerifier [0x7ff6a141d740+14f60]
	chromedriver!(No symbol) [0x7ff6a116d386]
	chromedriver!(No symbol) [0x7ff6a11b8683]
	chromedriver!(No symbol) [0x7ff6a11ef672]
	chromedriver!(No symbol) [0x7ff6a11e948f]
	chromedriver!(No symbol) [0x7ff6a11e8c53]
	chromedriver!(No symbol) [0x7ff6a1136325]
	chromedriver!GetHandleVerifier [0x7ff6a171b779+312f99]
	chromedriver!GetHandleVerifier [0x7ff6a1715c8b+30d4ab]
	chromedriver!GetHandleVerifier [0x7ff6a1739012+330832]
	chromedriver!GetHandleVerifier [0x7ff6a143a485+31ca5]
	chromedriver!GetHandleVerifier [0x7ff6a1442e7c+3a69c]
	chromedriver!(No symbol) [0x7ff6a11350bc]
	chromedriver!GetHandleVerifier [0x7ff6a186f9d8+4671f8]
	KERNEL32!BaseThreadInitThunk [0x7ffdbf89259d+1d]
	ntdll!RtlUserThreadStart [0x7ffdc140af78+28]
</msg>
<msg time="2026-05-11T16:13:50.292740" level="FAIL">InvalidSessionIdException: Message: invalid session id: session deleted as the browser has closed the connection
from disconnected: not connected to DevTools
  (Session info: chrome=148.0.7778.97); For documentation on this error, please visit: https://www.selenium.dev/documentation/webdriver/troubleshooting/errors#invalidsessionidexception
Stacktrace:
	chromedriver!GetHandleVerifier [0x7ff6a141d6d5+14ef5]
	chromedriver!GetHandleVerifier [0x7ff6a141d740+14f60]
	chromedriver!(No symbol) [0x7ff6a116d59d]
	chromedriver!(No symbol) [0x7ff6a1158a82]
	chromedriver!(No symbol) [0x7ff6a117ee16]
	chromedriver!(No symbol) [0x7ff6a11f6e70]
	chromedriver!(No symbol) [0x7ff6a1213e02]
	chromedriver!(No symbol) [0x7ff6a11b9608]
	chromedriver!(No symbol) [0x7ff6a11ba4f3]
	chromedriver!GetHandleVerifier [0x7ff6a171b779+312f99]
	chromedriver!GetHandleVerifier [0x7ff6a1715c8b+30d4ab]
	chromedriver!GetHandleVerifier [0x7ff6a1739012+330832]
	chromedriver!GetHandleVerifier [0x7ff6a143a485+31ca5]
	chromedriver!GetHandleVerifier [0x7ff6a1442e7c+3a69c]
	chromedriver!GetHandleVerifier [0x7ff6a1426a74+1e294]
	chromedriver!GetHandleVerifier [0x7ff6a1426c04+1e424]
	chromedriver!GetHandleVerifier [0x7ff6a140b327+2b47]
	KERNEL32!BaseThreadInitThunk [0x7ffdbf89259d+1d]
	ntdll!RtlUserThreadStart [0x7ffdc140af78+28]
</msg>
<arg>name:txt_email</arg>
<arg>${TIMEOUT}</arg>
<doc>Waits until the element ``locator`` is visible.</doc>
<status status="FAIL" start="2026-05-11T16:13:41.325015" elapsed="8.969940">InvalidSessionIdException: Message: invalid session id: session deleted as the browser has closed the connection
from disconnected: not connected to DevTools
  (Session info: chrome=148.0.7778.97); For documentation on this error, please visit: https://www.selenium.dev/documentation/webdriver/troubleshooting/errors#invalidsessionidexception
Stacktrace:
	chromedriver!GetHandleVerifier [0x7ff6a141d6d5+14ef5]
	chromedriver!GetHandleVerifier [0x7ff6a141d740+14f60]
	chromedriver!(No symbol) [0x7ff6a116d59d]
	chromedriver!(No symbol) [0x7ff6a1158a82]
	chromedriver!(No symbol) [0x7ff6a117ee16]
	chromedriver!(No symbol) [0x7ff6a11f6e70]
	chromedriver!(No symbol) [0x7ff6a1213e02]
	chromedriver!(No symbol) [0x7ff6a11b9608]
	chromedriver!(No symbol) [0x7ff6a11ba4f3]
	chromedriver!GetHandleVerifier [0x7ff6a171b779+312f99]
	chromedriver!GetHandleVerifier [0x7ff6a1715c8b+30d4ab]
	chromedriver!GetHandleVerifier [0x7ff6a1739012+330832]
	chromedriver!GetHandleVerifier [0x7ff6a143a485+31ca5]
	chromedriver!GetHandleVerifier [0x7ff6a1442e7c+3a69c]
	chromedriver!GetHandleVerifier [0x7ff6a1426a74+1e294]
	chromedriver!GetHandleVerifier [0x7ff6a1426c04+1e424]
	chromedriver!GetHandleVerifier [0x7ff6a140b327+2b47]
	KERNEL32!BaseThreadInitThunk [0x7ffdbf89259d+1d]
	ntdll!RtlUserThreadStart [0x7ffdc140af78+28]
</status>
</kw>
<kw name="Page Should Contain Element" owner="SeleniumLibrary">
<arg>name:txt_email</arg>
<doc>Verifies that element ``locator`` is found on the current page.</doc>
<status status="NOT RUN" start="2026-05-11T16:13:50.295263" elapsed="0.000046"/>
</kw>
<kw name="Input Text" owner="SeleniumLibrary">
<arg>name:txt_email</arg>
<arg>${EMAIL_OUT}</arg>
<doc>Types the given ``text`` into the text field identified by ``locator``.</doc>
<status status="NOT RUN" start="2026-05-11T16:13:50.295493" elapsed="0.000032"/>
</kw>
<kw name="Input Password" owner="SeleniumLibrary">
<arg>name:txt_password</arg>
<arg>${PASSWORD_OUT}</arg>
<doc>Types the given password into the text field identified by ``locator``.</doc>
<status status="NOT RUN" start="2026-05-11T16:13:50.295756" elapsed="0.000038"/>
</kw>
<kw name="Select From List By Value" owner="SeleniumLibrary">
<arg>name:txt_role</arg>
<arg>out_personnel</arg>
<doc>Selects options from selection list ``locator`` by ``values``.</doc>
<status status="NOT RUN" start="2026-05-11T16:13:50.295975" elapsed="0.000038"/>
</kw>
<kw name="Click Button" owner="SeleniumLibrary">
<arg>name:btn_login</arg>
<doc>Clicks the button identified by ``locator``.</doc>
<status status="NOT RUN" start="2026-05-11T16:13:50.296174" elapsed="0.000028"/>
</kw>
<kw name="Wait Until Url Contains">
<arg>out_personnel/out_personnel_home.php</arg>
<arg>${TIMEOUT}</arg>
<doc>รอจนกว่า URL จะมี string ที่กำหนด</doc>
<status status="NOT RUN" start="2026-05-11T16:13:50.296417" elapsed="0.000032"/>
</kw>
<kw name="Log" owner="BuiltIn">
<arg>TC-004 PASSED: Out-Personnel login redirect to out_personnel_home.php</arg>
<doc>Logs the given message with the given level.</doc>
<status status="NOT RUN" start="2026-05-11T16:13:50.296595" elapsed="0.000024"/>
</kw>
<doc>TS-004: เข้าสู่ระบบด้วยตัวบุคลากรภายนอก</doc>
<tag>positive</tag>
<tag>TS-004</tag>
<status status="FAIL" start="2026-05-11T16:13:41.289656" elapsed="9.007150">InvalidSessionIdException: Message: invalid session id: session deleted as the browser has closed the connection
from disconnected: not connected to DevTools
  (Session info: chrome=148.0.7778.97); For documentation on this error, please visit: https://www.selenium.dev/documentation/webdriver/troubleshooting/errors#invalidsessionidexception
Stacktrace:
	chromedriver!GetHandleVerifier [0x7ff6a141d6d5+14ef5]
	chromedriver!GetHandleVerifier [0x7ff6a141d740+14f60]
	chromedriver!(No symbol) [0x7ff6a116d59d]
	chromedriver!(No symbol) [0x7ff6a1158a82]
	chromedriver!(No symbol) [0x7ff6a117ee16]
	chromedriver!(No symbol) [0x7ff6a11f6e70]
	chromedriver!(No symbol) [0x7ff6a1213e02]
	chromedriver!(No symbol) [0x7ff6a11b9608]
	chromedriver!(No symbol) [0x7ff6a11ba4f3]
	chromedriver!GetHandleVerifier [0x7ff6a171b779+312f99]
	chromedriver!GetHandleVerifier [0x7ff6a1715c8b+30d4ab]
	chromedriver!GetHandleVerifier [0x7ff6a1739012+330832]
	chromedriver!GetHandleVerifier [0x7ff6a143a485+31ca5]
	chromedriver!GetHandleVerifier [0x7ff6a1442e7c+3a69c]
	chromedriver!GetHandleVerifier [0x7ff6a1426a74+1e294]
	chromedriver!GetHandleVerifier [0x7ff6a1426c04+1e424]
	chromedriver!GetHandleVerifier [0x7ff6a140b327+2b47]
	KERNEL32!BaseThreadInitThunk [0x7ffdbf89259d+1d]
	ntdll!RtlUserThreadStart [0x7ffdc140af78+28]
</status>
</test>
<test id="s1-s1-t5" name="TC-005 - Login Fails With Wrong Password" line="108">
<kw name="Go To" owner="SeleniumLibrary" type="SETUP">
<msg time="2026-05-11T16:13:50.297929" level="INFO">Opening url 'http://localhost/Fitness-swimming-master-main/index.php'</msg>
<msg time="2026-05-11T16:13:50.299688" level="WARN">Keyword 'Capture Page Screenshot' could not be run on failure: Message: invalid session id; For documentation on this error, please visit: https://www.selenium.dev/documentation/webdriver/troubleshooting/errors#invalidsessionidexception
Stacktrace:
	chromedriver!GetHandleVerifier [0x7ff6a141d6d5+14ef5]
	chromedriver!GetHandleVerifier [0x7ff6a141d740+14f60]
	chromedriver!(No symbol) [0x7ff6a116d386]
	chromedriver!(No symbol) [0x7ff6a11b8683]
	chromedriver!(No symbol) [0x7ff6a11ef672]
	chromedriver!(No symbol) [0x7ff6a11e948f]
	chromedriver!(No symbol) [0x7ff6a11e8c53]
	chromedriver!(No symbol) [0x7ff6a1136325]
	chromedriver!GetHandleVerifier [0x7ff6a171b779+312f99]
	chromedriver!GetHandleVerifier [0x7ff6a1715c8b+30d4ab]
	chromedriver!GetHandleVerifier [0x7ff6a1739012+330832]
	chromedriver!GetHandleVerifier [0x7ff6a143a485+31ca5]
	chromedriver!GetHandleVerifier [0x7ff6a1442e7c+3a69c]
	chromedriver!(No symbol) [0x7ff6a11350bc]
	chromedriver!GetHandleVerifier [0x7ff6a186f9d8+4671f8]
	KERNEL32!BaseThreadInitThunk [0x7ffdbf89259d+1d]
	ntdll!RtlUserThreadStart [0x7ffdc140af78+28]
</msg>
<msg time="2026-05-11T16:13:50.299993" level="FAIL">InvalidSessionIdException: Message: invalid session id; For documentation on this error, please visit: https://www.selenium.dev/documentation/webdriver/troubleshooting/errors#invalidsessionidexception
Stacktrace:
	chromedriver!GetHandleVerifier [0x7ff6a141d6d5+14ef5]
	chromedriver!GetHandleVerifier [0x7ff6a141d740+14f60]
	chromedriver!(No symbol) [0x7ff6a116d386]
	chromedriver!(No symbol) [0x7ff6a11b8683]
	chromedriver!(No symbol) [0x7ff6a11ef672]
	chromedriver!(No symbol) [0x7ff6a11e948f]
	chromedriver!(No symbol) [0x7ff6a11e8c53]
	chromedriver!(No symbol) [0x7ff6a1136325]
	chromedriver!GetHandleVerifier [0x7ff6a171b779+312f99]
	chromedriver!GetHandleVerifier [0x7ff6a1715c8b+30d4ab]
	chromedriver!GetHandleVerifier [0x7ff6a1739012+330832]
	chromedriver!GetHandleVerifier [0x7ff6a143a485+31ca5]
	chromedriver!GetHandleVerifier [0x7ff6a1442e7c+3a69c]
	chromedriver!(No symbol) [0x7ff6a11350bc]
	chromedriver!GetHandleVerifier [0x7ff6a186f9d8+4671f8]
	KERNEL32!BaseThreadInitThunk [0x7ffdbf89259d+1d]
	ntdll!RtlUserThreadStart [0x7ffdc140af78+28]
</msg>
<arg>${URL}</arg>
<doc>Navigates the current browser window to the provided ``url``.</doc>
<status status="FAIL" start="2026-05-11T16:13:50.297784" elapsed="0.003517">InvalidSessionIdException: Message: invalid session id; For documentation on this error, please visit: https://www.selenium.dev/documentation/webdriver/troubleshooting/errors#invalidsessionidexception
Stacktrace:
	chromedriver!GetHandleVerifier [0x7ff6a141d6d5+14ef5]
	chromedriver!GetHandleVerifier [0x7ff6a141d740+14f60]
	chromedriver!(No symbol) [0x7ff6a116d386]
	chromedriver!(No symbol) [0x7ff6a11b8683]
	chromedriver!(No symbol) [0x7ff6a11ef672]
	chromedriver!(No symbol) [0x7ff6a11e948f]
	chromedriver!(No symbol) [0x7ff6a11e8c53]
	chromedriver!(No symbol) [0x7ff6a1136325]
	chromedriver!GetHandleVerifier [0x7ff6a171b779+312f99]
	chromedriver!GetHandleVerifier [0x7ff6a1715c8b+30d4ab]
	chromedriver!GetHandleVerifier [0x7ff6a1739012+330832]
	chromedriver!GetHandleVerifier [0x7ff6a143a485+31ca5]
	chromedriver!GetHandleVerifier [0x7ff6a1442e7c+3a69c]
	chromedriver!(No symbol) [0x7ff6a11350bc]
	chromedriver!GetHandleVerifier [0x7ff6a186f9d8+4671f8]
	KERNEL32!BaseThreadInitThunk [0x7ffdbf89259d+1d]
	ntdll!RtlUserThreadStart [0x7ffdc140af78+28]
</status>
</kw>
<doc>TS-005: กรอก Password ไม่ถูกต้อง → แสดง "Wrong email or password or role"</doc>
<tag>negative</tag>
<tag>TS-005</tag>
<status status="FAIL" start="2026-05-11T16:13:50.297257" elapsed="0.004387">Setup failed:
InvalidSessionIdException: Message: invalid session id; For documentation on this error, please visit: https://www.selenium.dev/documentation/webdriver/troubleshooting/errors#invalidsessionidexception
Stacktrace:
	chromedriver!GetHandleVerifier [0x7ff6a141d6d5+14ef5]
	chromedriver!GetHandleVerifier [0x7ff6a141d740+14f60]
	chromedriver!(No symbol) [0x7ff6a116d386]
	chromedriver!(No symbol) [0x7ff6a11b8683]
	chromedriver!(No symbol) [0x7ff6a11ef672]
	chromedriver!(No symbol) [0x7ff6a11e948f]
	chromedriver!(No symbol) [0x7ff6a11e8c53]
	chromedriver!(No symbol) [0x7ff6a1136325]
	chromedriver!GetHandleVerifier [0x7ff6a171b779+312f99]
	chromedriver!GetHandleVerifier [0x7ff6a1715c8b+30d4ab]
	chromedriver!GetHandleVerifier [0x7ff6a1739012+330832]
	chromedriver!GetHandleVerifier [0x7ff6a143a485+31ca5]
	chromedriver!GetHandleVerifier [0x7ff6a1442e7c+3a69c]
	chromedriver!(No symbol) [0x7ff6a11350bc]
	chromedriver!GetHandleVerifier [0x7ff6a186f9d8+4671f8]
	KERNEL32!BaseThreadInitThunk [0x7ffdbf89259d+1d]
	ntdll!RtlUserThreadStart [0x7ffdc140af78+28]
</status>
</test>
<test id="s1-s1-t6" name="TC-006 - Login Fails Without Selecting Role" line="127">
<kw name="Go To" owner="SeleniumLibrary" type="SETUP">
<msg time="2026-05-11T16:13:50.303124" level="INFO">Opening url 'http://localhost/Fitness-swimming-master-main/index.php'</msg>
<msg time="2026-05-11T16:13:50.305854" level="WARN">Keyword 'Capture Page Screenshot' could not be run on failure: Message: invalid session id; For documentation on this error, please visit: https://www.selenium.dev/documentation/webdriver/troubleshooting/errors#invalidsessionidexception
Stacktrace:
	chromedriver!GetHandleVerifier [0x7ff6a141d6d5+14ef5]
	chromedriver!GetHandleVerifier [0x7ff6a141d740+14f60]
	chromedriver!(No symbol) [0x7ff6a116d386]
	chromedriver!(No symbol) [0x7ff6a11b8683]
	chromedriver!(No symbol) [0x7ff6a11ef672]
	chromedriver!(No symbol) [0x7ff6a11e948f]
	chromedriver!(No symbol) [0x7ff6a11e8c53]
	chromedriver!(No symbol) [0x7ff6a1136325]
	chromedriver!GetHandleVerifier [0x7ff6a171b779+312f99]
	chromedriver!GetHandleVerifier [0x7ff6a1715c8b+30d4ab]
	chromedriver!GetHandleVerifier [0x7ff6a1739012+330832]
	chromedriver!GetHandleVerifier [0x7ff6a143a485+31ca5]
	chromedriver!GetHandleVerifier [0x7ff6a1442e7c+3a69c]
	chromedriver!(No symbol) [0x7ff6a11350bc]
	chromedriver!GetHandleVerifier [0x7ff6a186f9d8+4671f8]
	KERNEL32!BaseThreadInitThunk [0x7ffdbf89259d+1d]
	ntdll!RtlUserThreadStart [0x7ffdc140af78+28]
</msg>
<msg time="2026-05-11T16:13:50.306280" level="FAIL">InvalidSessionIdException: Message: invalid session id; For documentation on this error, please visit: https://www.selenium.dev/documentation/webdriver/troubleshooting/errors#invalidsessionidexception
Stacktrace:
	chromedriver!GetHandleVerifier [0x7ff6a141d6d5+14ef5]
	chromedriver!GetHandleVerifier [0x7ff6a141d740+14f60]
	chromedriver!(No symbol) [0x7ff6a116d386]
	chromedriver!(No symbol) [0x7ff6a11b8683]
	chromedriver!(No symbol) [0x7ff6a11ef672]
	chromedriver!(No symbol) [0x7ff6a11e948f]
	chromedriver!(No symbol) [0x7ff6a11e8c53]
	chromedriver!(No symbol) [0x7ff6a1136325]
	chromedriver!GetHandleVerifier [0x7ff6a171b779+312f99]
	chromedriver!GetHandleVerifier [0x7ff6a1715c8b+30d4ab]
	chromedriver!GetHandleVerifier [0x7ff6a1739012+330832]
	chromedriver!GetHandleVerifier [0x7ff6a143a485+31ca5]
	chromedriver!GetHandleVerifier [0x7ff6a1442e7c+3a69c]
	chromedriver!(No symbol) [0x7ff6a11350bc]
	chromedriver!GetHandleVerifier [0x7ff6a186f9d8+4671f8]
	KERNEL32!BaseThreadInitThunk [0x7ffdbf89259d+1d]
	ntdll!RtlUserThreadStart [0x7ffdc140af78+28]
</msg>
<arg>${URL}</arg>
<doc>Navigates the current browser window to the provided ``url``.</doc>
<status status="FAIL" start="2026-05-11T16:13:50.302944" elapsed="0.004585">InvalidSessionIdException: Message: invalid session id; For documentation on this error, please visit: https://www.selenium.dev/documentation/webdriver/troubleshooting/errors#invalidsessionidexception
Stacktrace:
	chromedriver!GetHandleVerifier [0x7ff6a141d6d5+14ef5]
	chromedriver!GetHandleVerifier [0x7ff6a141d740+14f60]
	chromedriver!(No symbol) [0x7ff6a116d386]
	chromedriver!(No symbol) [0x7ff6a11b8683]
	chromedriver!(No symbol) [0x7ff6a11ef672]
	chromedriver!(No symbol) [0x7ff6a11e948f]
	chromedriver!(No symbol) [0x7ff6a11e8c53]
	chromedriver!(No symbol) [0x7ff6a1136325]
	chromedriver!GetHandleVerifier [0x7ff6a171b779+312f99]
	chromedriver!GetHandleVerifier [0x7ff6a1715c8b+30d4ab]
	chromedriver!GetHandleVerifier [0x7ff6a1739012+330832]
	chromedriver!GetHandleVerifier [0x7ff6a143a485+31ca5]
	chromedriver!GetHandleVerifier [0x7ff6a1442e7c+3a69c]
	chromedriver!(No symbol) [0x7ff6a11350bc]
	chromedriver!GetHandleVerifier [0x7ff6a186f9d8+4671f8]
	KERNEL32!BaseThreadInitThunk [0x7ffdbf89259d+1d]
	ntdll!RtlUserThreadStart [0x7ffdc140af78+28]
</status>
</kw>
<doc>TS-006: ไม่ได้เลือกประเภทสมาชิก → แสดง "Please select role"</doc>
<tag>negative</tag>
<tag>TS-006</tag>
<status status="FAIL" start="2026-05-11T16:13:50.302208" elapsed="0.005719">Setup failed:
InvalidSessionIdException: Message: invalid session id; For documentation on this error, please visit: https://www.selenium.dev/documentation/webdriver/troubleshooting/errors#invalidsessionidexception
Stacktrace:
	chromedriver!GetHandleVerifier [0x7ff6a141d6d5+14ef5]
	chromedriver!GetHandleVerifier [0x7ff6a141d740+14f60]
	chromedriver!(No symbol) [0x7ff6a116d386]
	chromedriver!(No symbol) [0x7ff6a11b8683]
	chromedriver!(No symbol) [0x7ff6a11ef672]
	chromedriver!(No symbol) [0x7ff6a11e948f]
	chromedriver!(No symbol) [0x7ff6a11e8c53]
	chromedriver!(No symbol) [0x7ff6a1136325]
	chromedriver!GetHandleVerifier [0x7ff6a171b779+312f99]
	chromedriver!GetHandleVerifier [0x7ff6a1715c8b+30d4ab]
	chromedriver!GetHandleVerifier [0x7ff6a1739012+330832]
	chromedriver!GetHandleVerifier [0x7ff6a143a485+31ca5]
	chromedriver!GetHandleVerifier [0x7ff6a1442e7c+3a69c]
	chromedriver!(No symbol) [0x7ff6a11350bc]
	chromedriver!GetHandleVerifier [0x7ff6a186f9d8+4671f8]
	KERNEL32!BaseThreadInitThunk [0x7ffdbf89259d+1d]
	ntdll!RtlUserThreadStart [0x7ffdc140af78+28]
</status>
</test>
<kw name="Close All Browsers" owner="SeleniumLibrary" type="TEARDOWN">
<doc>Closes all open browsers and resets the browser cache.</doc>
<status status="PASS" start="2026-05-11T16:13:50.308740" elapsed="2.040766"/>
</kw>
<status status="FAIL" start="2026-05-11T16:13:19.041582" elapsed="33.307999"/>
</suite>
<status status="FAIL" start="2026-05-11T16:13:19.014255" elapsed="33.335963"/>
</suite>
<statistics>
<total>
<stat pass="1" fail="5" skip="0">All Tests</stat>
</total>
<tag>
<stat pass="0" fail="2" skip="0">negative</stat>
<stat pass="1" fail="3" skip="0">positive</stat>
<stat pass="1" fail="0" skip="0">smoke</stat>
<stat pass="1" fail="0" skip="0">TS-001</stat>
<stat pass="0" fail="1" skip="0">TS-002</stat>
<stat pass="0" fail="1" skip="0">TS-003</stat>
<stat pass="0" fail="1" skip="0">TS-004</stat>
<stat pass="0" fail="1" skip="0">TS-005</stat>
<stat pass="0" fail="1" skip="0">TS-006</stat>
</tag>
<suite>
<stat name="Login Tests" id="s1" pass="1" fail="5" skip="0">Login Tests</stat>
<stat name="Login" id="s1-s1" pass="1" fail="5" skip="0">Login Tests.Login</stat>
</suite>
</statistics>
<errors>
<msg time="2026-05-11T16:13:50.292289" level="WARN">Keyword 'Capture Page Screenshot' could not be run on failure: Message: invalid session id; For documentation on this error, please visit: https://www.selenium.dev/documentation/webdriver/troubleshooting/errors#invalidsessionidexception
Stacktrace:
	chromedriver!GetHandleVerifier [0x7ff6a141d6d5+14ef5]
	chromedriver!GetHandleVerifier [0x7ff6a141d740+14f60]
	chromedriver!(No symbol) [0x7ff6a116d386]
	chromedriver!(No symbol) [0x7ff6a11b8683]
	chromedriver!(No symbol) [0x7ff6a11ef672]
	chromedriver!(No symbol) [0x7ff6a11e948f]
	chromedriver!(No symbol) [0x7ff6a11e8c53]
	chromedriver!(No symbol) [0x7ff6a1136325]
	chromedriver!GetHandleVerifier [0x7ff6a171b779+312f99]
	chromedriver!GetHandleVerifier [0x7ff6a1715c8b+30d4ab]
	chromedriver!GetHandleVerifier [0x7ff6a1739012+330832]
	chromedriver!GetHandleVerifier [0x7ff6a143a485+31ca5]
	chromedriver!GetHandleVerifier [0x7ff6a1442e7c+3a69c]
	chromedriver!(No symbol) [0x7ff6a11350bc]
	chromedriver!GetHandleVerifier [0x7ff6a186f9d8+4671f8]
	KERNEL32!BaseThreadInitThunk [0x7ffdbf89259d+1d]
	ntdll!RtlUserThreadStart [0x7ffdc140af78+28]
</msg>
<msg time="2026-05-11T16:13:50.299688" level="WARN">Keyword 'Capture Page Screenshot' could not be run on failure: Message: invalid session id; For documentation on this error, please visit: https://www.selenium.dev/documentation/webdriver/troubleshooting/errors#invalidsessionidexception
Stacktrace:
	chromedriver!GetHandleVerifier [0x7ff6a141d6d5+14ef5]
	chromedriver!GetHandleVerifier [0x7ff6a141d740+14f60]
	chromedriver!(No symbol) [0x7ff6a116d386]
	chromedriver!(No symbol) [0x7ff6a11b8683]
	chromedriver!(No symbol) [0x7ff6a11ef672]
	chromedriver!(No symbol) [0x7ff6a11e948f]
	chromedriver!(No symbol) [0x7ff6a11e8c53]
	chromedriver!(No symbol) [0x7ff6a1136325]
	chromedriver!GetHandleVerifier [0x7ff6a171b779+312f99]
	chromedriver!GetHandleVerifier [0x7ff6a1715c8b+30d4ab]
	chromedriver!GetHandleVerifier [0x7ff6a1739012+330832]
	chromedriver!GetHandleVerifier [0x7ff6a143a485+31ca5]
	chromedriver!GetHandleVerifier [0x7ff6a1442e7c+3a69c]
	chromedriver!(No symbol) [0x7ff6a11350bc]
	chromedriver!GetHandleVerifier [0x7ff6a186f9d8+4671f8]
	KERNEL32!BaseThreadInitThunk [0x7ffdbf89259d+1d]
	ntdll!RtlUserThreadStart [0x7ffdc140af78+28]
</msg>
<msg time="2026-05-11T16:13:50.305854" level="WARN">Keyword 'Capture Page Screenshot' could not be run on failure: Message: invalid session id; For documentation on this error, please visit: https://www.selenium.dev/documentation/webdriver/troubleshooting/errors#invalidsessionidexception
Stacktrace:
	chromedriver!GetHandleVerifier [0x7ff6a141d6d5+14ef5]
	chromedriver!GetHandleVerifier [0x7ff6a141d740+14f60]
	chromedriver!(No symbol) [0x7ff6a116d386]
	chromedriver!(No symbol) [0x7ff6a11b8683]
	chromedriver!(No symbol) [0x7ff6a11ef672]
	chromedriver!(No symbol) [0x7ff6a11e948f]
	chromedriver!(No symbol) [0x7ff6a11e8c53]
	chromedriver!(No symbol) [0x7ff6a1136325]
	chromedriver!GetHandleVerifier [0x7ff6a171b779+312f99]
	chromedriver!GetHandleVerifier [0x7ff6a1715c8b+30d4ab]
	chromedriver!GetHandleVerifier [0x7ff6a1739012+330832]
	chromedriver!GetHandleVerifier [0x7ff6a143a485+31ca5]
	chromedriver!GetHandleVerifier [0x7ff6a1442e7c+3a69c]
	chromedriver!(No symbol) [0x7ff6a11350bc]
	chromedriver!GetHandleVerifier [0x7ff6a186f9d8+4671f8]
	KERNEL32!BaseThreadInitThunk [0x7ffdbf89259d+1d]
	ntdll!RtlUserThreadStart [0x7ffdc140af78+28]
</msg>
</errors>
</robot>
